JvmtiExport can_access_local_variables 0
JvmtiExport can_hotswap_or_post_breakpoint 0
JvmtiExport can_post_on_exceptions 0
# 246 ciObject found
instanceKlass com/android/builder/model/LintOptions
instanceKlass com/android/builder/model/AaptOptions
instanceKlass com/android/builder/model/ProductFlavorContainer
instanceKlass com/android/builder/model/JavaCompileOptions
instanceKlass com/android/build/gradle/internal/model/ModelBuilder$$Lambda$159
instanceKlass com/android/build/gradle/internal/model/VariantImpl
instanceKlass com/android/build/gradle/internal/model/ModelBuilder$1
instanceKlass com/android/build/gradle/internal/model/ModelBuilder$$Lambda$158
instanceKlass com/android/builder/model/JavaArtifact
instanceKlass com/android/ide/common/caching/CreatingCache$1
instanceKlass com/android/ide/common/caching/CreatingCache$ValueState
instanceKlass com/android/build/gradle/internal/model/BaseArtifactImpl
instanceKlass com/android/build/gradle/internal/incremental/InstantRunWrapperTask$ConfigAction
instanceKlass com/android/build/gradle/internal/model/InstantRunImpl
instanceKlass com/android/build/gradle/internal/model/AndroidArtifactOutputImpl
instanceKlass com/android/builder/model/AndroidArtifactOutput
instanceKlass com/android/build/gradle/internal/model/OutputFileImpl
instanceKlass com/android/build/gradle/internal/model/ModelBuilder$SourceProviders
instanceKlass com/android/build/gradle/internal/model/BuildTypeContainerImpl
instanceKlass com/android/builder/model/BuildTypeContainer
instanceKlass com/android/build/gradle/internal/model/ApiVersionImpl
instanceKlass com/android/build/gradle/internal/model/BaseConfigImpl
instanceKlass com/android/build/gradle/internal/model/SourceProviderImpl
instanceKlass com/android/build/gradle/internal/model/SourceProviderContainerImpl$$Lambda$157
instanceKlass com/android/build/gradle/internal/model/SourceProviderContainerImpl
instanceKlass com/android/builder/model/SourceProviderContainer
instanceKlass com/android/build/gradle/internal/model/ProductFlavorContainerImpl
instanceKlass com/android/builder/model/ProductFlavorContainer
instanceKlass com/android/build/gradle/internal/model/DefaultJavaCompileOptions
instanceKlass com/android/build/gradle/internal/model/ModelBuilder$$Lambda$156
instanceKlass com/android/build/gradle/internal/model/ModelBuilder$$Lambda$155
instanceKlass com/android/build/gradle/internal/model/ModelBuilder$$Lambda$154
instanceKlass com/android/build/gradle/internal/model/SigningConfigImpl
instanceKlass com/android/builder/model/JavaCompileOptions
instanceKlass com/android/build/gradle/internal/model/DefaultAndroidProject
instanceKlass com/android/build/gradle/internal/model/AaptOptionsImpl
instanceKlass com/android/build/gradle/internal/model/ArtifactMetaDataImpl
instanceKlass com/android/builder/model/ArtifactMetaData
instanceKlass com/android/builder/model/NativeAndroidProject
instanceKlass org/gradle/tooling/model/gradle/GradleScript
instanceKlass org/gradle/tooling/internal/protocol/DefaultIdeaModuleIdentifier
instanceKlass org/gradle/tooling/model/idea/IdeaModuleIdentifier
instanceKlass java/lang/reflect/WeakCache$LookupValue
instanceKlass org/jetbrains/plugins/gradle/model/DefaultExternalPlugin
instanceKlass java/lang/invoke/SerializedLambda
instanceKlass java/util/TreeMap$TreeMapSpliterator
instanceKlass com/android/build/api/transform/TransformInvocation
instanceKlass org/gradle/api/internal/tasks/testing/WorkerTestClassProcessorFactory
instanceKlass org/gradle/api/internal/tasks/testing/detection/TestFrameworkDetector
instanceKlass org/jetbrains/plugins/gradle/model/DefaultExternalTask
instanceKlass org/gradle/api/internal/project/AbstractProject$2
instanceKlass org/gradle/tooling/model/gradle/BasicGradleProject
instanceKlass org/gradle/tooling/internal/gradle/DefaultGradleBuild
instanceKlass org/jetbrains/plugins/gradle/tooling/internal/IdeaContentRootImpl
instanceKlass org/jetbrains/plugins/gradle/model/ExtIdeaContentRoot
instanceKlass org/gradle/tooling/model/idea/IdeaContentRoot
instanceKlass org/jetbrains/plugins/gradle/tooling/internal/IdeaCompilerOutputImpl
instanceKlass org/jetbrains/plugins/gradle/tooling/internal/ModuleExtendedModelImpl
instanceKlass org/jetbrains/plugins/gradle/model/FileCollectionDependency
instanceKlass org/jetbrains/plugins/gradle/model/ExternalMultiLibraryDependency
instanceKlass org/jetbrains/plugins/gradle/tooling/internal/ClasspathEntryModelImpl
instanceKlass org/jetbrains/plugins/gradle/tooling/util/DependencyTraverser$Itr
instanceKlass org/jetbrains/plugins/gradle/tooling/util/DependencyTraverser
instanceKlass org/codehaus/groovy/runtime/metaclass/DefaultMetaClassInfo$ConstantMetaClassVersioning
instanceKlass org/codehaus/groovy/runtime/metaclass/DefaultMetaClassInfo
instanceKlass org/codehaus/groovy/runtime/BytecodeInterface8
instanceKlass com/google/common/base/Objects
instanceKlass org/jetbrains/plugins/gradle/DefaultExternalDependencyId
instanceKlass org/jetbrains/plugins/gradle/ExternalDependencyId
instanceKlass org/jetbrains/plugins/gradle/model/AbstractExternalDependency
instanceKlass com/google/common/collect/AbstractMapBasedMultimap$WrappedCollection$WrappedIterator
instanceKlass org/gradle/api/internal/artifacts/ivyservice/resolveengine/result/VersionSelectionReasons$1
instanceKlass java/util/Collections$CheckedCollection
instanceKlass java/util/Collections$CheckedMap
instanceKlass java/util/Collections$ReverseComparator
instanceKlass java/util/Collections$ReverseComparator2
instanceKlass com/google/common/base/Function
instanceKlass com/google/common/collect/Lists
instanceKlass org/jetbrains/plugins/gradle/tooling/util/DependencyResolverImpl$DependencyResultsTransformer
instanceKlass com/google/common/collect/Iterators$2
instanceKlass com/google/common/collect/PeekingIterator
instanceKlass com/google/common/collect/UnmodifiableIterator
instanceKlass com/google/common/collect/Iterators
instanceKlass com/google/common/collect/AbstractMapBasedMultimap$Itr
instanceKlass com/google/common/collect/AbstractMultimap$1
instanceKlass org/gradle/api/specs/internal/ClosureSpec
instanceKlass org/codehaus/groovy/runtime/metaclass/ClosureMetaClass$NormalMethodChooser
instanceKlass org/jetbrains/plugins/gradle/tooling/util/ModuleComponentIdentifierImpl
instanceKlass com/google/common/base/Preconditions
instanceKlass com/google/common/collect/Multiset
instanceKlass org/gradle/api/internal/artifacts/ivyservice/ErrorHandlingConfigurationResolver$1
instanceKlass groovy/lang/PropertyValue
instanceKlass sun/reflect/generics/tree/FloatSignature
instanceKlass sun/reflect/generics/tree/ShortSignature
instanceKlass sun/reflect/generics/tree/CharSignature
instanceKlass org/jetbrains/plugins/gradle/model/ExternalLibraryDependency
instanceKlass com/google/common/collect/AbstractMultimap
instanceKlass com/google/common/collect/ListMultimap
instanceKlass com/google/common/collect/Multimap
instanceKlass org/gradle/api/tasks/SourceSetOutput
instanceKlass org/gradle/util/GradleVersion$Stage
instanceKlass org/jetbrains/plugins/gradle/tooling/util/DependencyResolverImpl
instanceKlass org/jetbrains/plugins/gradle/tooling/util/DependencyResolver
instanceKlass org/jetbrains/plugins/gradle/tooling/internal/BuildScriptClasspathModelImpl
instanceKlass org/jetbrains/plugins/gradle/tooling/util/VersionMatcher
instanceKlass org/jetbrains/plugins/gradle/tooling/annotation/TargetVersions
instanceKlass org/gradle/tooling/model/internal/Exceptions
instanceKlass org/gradle/tooling/model/idea/IdeaCompilerOutput
instanceKlass org/gradle/tooling/model/idea/IdeaModuleIdentifier
instanceKlass com/google/common/base/Preconditions
instanceKlass com/google/common/base/Optional
instanceKlass org/gradle/tooling/internal/adapter/ProtocolToModelAdapter$MethodInvocationCache$MethodInvocationKey
instanceKlass org/gradle/tooling/internal/adapter/MethodInvocation
instanceKlass org/gradle/tooling/model/idea/IdeaLanguageLevel
instanceKlass org/gradle/tooling/model/idea/IdeaJavaLanguageSettings
instanceKlass org/gradle/tooling/internal/adapter/ProtocolToModelAdapter$MethodInvocationCache
instanceKlass org/gradle/tooling/internal/adapter/ProtocolToModelAdapter$ReflectionMethodInvoker
instanceKlass org/gradle/tooling/internal/adapter/ProtocolToModelAdapter$ChainedMethodInvoker
instanceKlass org/gradle/tooling/internal/adapter/ProtocolToModelAdapter$AdaptingMethodInvoker
instanceKlass org/gradle/tooling/internal/adapter/ProtocolToModelAdapter$PropertyCachingMethodInvoker
instanceKlass org/gradle/tooling/internal/adapter/ProtocolToModelAdapter$SafeMethodInvoker
instanceKlass org/gradle/tooling/internal/adapter/ProtocolToModelAdapter$SupportedPropertyInvoker
instanceKlass org/gradle/tooling/internal/adapter/ProtocolToModelAdapter$InvocationHandlerImpl
instanceKlass org/gradle/tooling/internal/adapter/ProtocolToModelAdapter$DefaultSourceObjectMapping
instanceKlass org/gradle/tooling/internal/adapter/SourceObjectMapping
instanceKlass org/gradle/tooling/internal/consumer/converters/FixedBuildIdentifierProvider
instanceKlass org/gradle/tooling/internal/connection/DefaultBuildIdentifier
instanceKlass org/gradle/tooling/model/BuildIdentifier
instanceKlass org/gradle/tooling/internal/connection/DefaultProjectIdentifier
instanceKlass org/gradle/tooling/internal/provider/connection/ProviderBuildResult
instanceKlass org/gradle/api/internal/artifacts/ivyservice/ivyresolve/CachingModuleComponentRepository$ArtifactIdToMetaData
instanceKlass org/gradle/api/internal/artifacts/ivyservice/modulecache/DefaultModuleArtifactsCache$DefaultCachedArtifacts
instanceKlass org/gradle/api/internal/artifacts/ivyservice/modulecache/DefaultModuleArtifactsCache$ModuleArtifactsCacheEntry
instanceKlass org/gradle/api/internal/artifacts/ivyservice/modulecache/DefaultModuleArtifactsCache$ModuleArtifactsCacheEntrySerializer
instanceKlass org/gradle/api/internal/artifacts/ivyservice/modulecache/DefaultModuleArtifactsCache$ModuleArtifactsKeySerializer
instanceKlass org/gradle/api/internal/artifacts/ivyservice/modulecache/DefaultModuleArtifactsCache$ModuleArtifactsKey
instanceKlass org/gradle/plugins/ide/internal/resolver/model/IdeDependencyKey
instanceKlass org/gradle/plugins/ide/idea/model/internal/IdeaDependenciesProvider$4
instanceKlass com/google/common/collect/LinkedHashMultimap$1
instanceKlass org/gradle/api/internal/artifacts/result/DefaultArtifactResolutionResult
instanceKlass org/gradle/api/internal/artifacts/result/DefaultResolvedArtifactResult
instanceKlass org/gradle/api/artifacts/result/ResolvedArtifactResult
instanceKlass org/gradle/api/internal/artifacts/result/DefaultComponentArtifactsResult
instanceKlass org/gradle/api/artifacts/result/ArtifactResolutionResult
instanceKlass org/gradle/api/internal/artifacts/query/DefaultArtifactResolutionQuery$1
instanceKlass com/google/common/collect/AbstractMapBasedMultimap$KeySet$1
instanceKlass org/gradle/api/artifacts/result/ArtifactResult
instanceKlass org/gradle/api/artifacts/result/ComponentArtifactsResult
instanceKlass org/gradle/api/artifacts/result/ComponentResult
instanceKlass org/gradle/api/internal/artifacts/query/DefaultArtifactResolutionQuery
instanceKlass org/gradle/plugins/ide/internal/resolver/model/IdeExtendedRepoFileDependency$FileNameComparator
instanceKlass org/gradle/plugins/ide/internal/resolver/model/IdeDependency
instanceKlass org/gradle/api/internal/artifacts/ivyservice/DefaultLenientConfiguration$1$1
instanceKlass org/gradle/api/internal/artifacts/ivyservice/DefaultLenientConfiguration$1
instanceKlass org/gradle/plugins/ide/internal/resolver/DefaultIdeDependencyResolver$2
instanceKlass org/gradle/plugins/ide/internal/resolver/DefaultIdeDependencyResolver$1
instanceKlass org/gradle/plugins/ide/idea/model/internal/IdeaDependenciesProvider$9
instanceKlass org/gradle/plugins/ide/idea/model/internal/IdeaDependenciesProvider$8
instanceKlass org/gradle/plugins/ide/idea/model/internal/IdeaDependenciesProvider$1
instanceKlass org/gradle/plugins/ide/idea/model/internal/IdeaDependenciesProvider$2
instanceKlass org/gradle/plugins/ide/internal/resolver/UnresolvedDependenciesLogger
instanceKlass org/gradle/plugins/ide/idea/model/internal/IdeaScopeMappingRule
instanceKlass org/gradle/plugins/ide/internal/resolver/DefaultIdeDependencyResolver
instanceKlass org/gradle/plugins/ide/internal/resolver/IdeDependencyResolver
instanceKlass org/gradle/plugins/ide/internal/IdeDependenciesExtractor
instanceKlass org/gradle/plugins/ide/internal/resolver/model/IdeDependencyKey$DependencyBuilder
instanceKlass org/gradle/plugins/ide/idea/model/internal/IdeaDependenciesProvider
instanceKlass org/gradle/plugins/ide/internal/tooling/idea/DefaultIdeaCompilerOutput
instanceKlass org/gradle/plugins/ide/internal/tooling/idea/DefaultIdeaModule
instanceKlass org/gradle/plugins/ide/internal/tooling/idea/DefaultIdeaContentRoot
instanceKlass org/gradle/plugins/ide/internal/tooling/java/DefaultInstalledJdk
instanceKlass org/gradle/plugins/ide/internal/tooling/idea/DefaultIdeaJavaLanguageSettings
instanceKlass org/gradle/plugins/ide/internal/tooling/idea/DefaultIdeaLanguageLevel
instanceKlass org/gradle/plugins/ide/internal/tooling/idea/DefaultIdeaProject
instanceKlass groovy/util/GroovyCollections
instanceKlass org/gradle/util/DistributionLocator
instanceKlass org/gradle/buildinit/tasks/internal/TaskConfiguration$3
instanceKlass org/gradle/api/internal/AbstractTask$5
instanceKlass org/gradle/buildinit/tasks/internal/TaskConfiguration$2
instanceKlass org/gradle/buildinit/tasks/internal/TaskConfiguration$1
instanceKlass org/gradle/api/internal/tasks/options/OptionValues
instanceKlass org/gradle/api/tasks/diagnostics/internal/TaskReportModel
instanceKlass org/gradle/internal/graph/GraphRenderer
instanceKlass org/gradle/api/plugins/HelpTasksPlugin$Rules$1
instanceKlass org/gradle/language/base/plugins/LifecycleBasePlugin$1$1
instanceKlass org/gradle/api/tasks/diagnostics/BuildEnvironmentReportTask$1
instanceKlass org/gradle/api/tasks/diagnostics/internal/graph/nodes/RenderableDependency
instanceKlass org/gradle/api/tasks/diagnostics/internal/graph/NodeRenderer
instanceKlass org/gradle/api/tasks/diagnostics/internal/DependencyReportRenderer
instanceKlass com/google/common/base/Strings
instanceKlass org/gradle/api/internal/tasks/PublicTaskSpecification
instanceKlass org/gradle/plugins/ide/internal/tooling/ToolingModelBuilderSupport
instanceKlass org/gradle/tooling/internal/gradle/DefaultGradleScript
instanceKlass org/gradle/tooling/model/gradle/GradleScript
instanceKlass org/codehaus/groovy/runtime/metaclass/ClosureMetaClass$4
instanceKlass org/codehaus/groovy/runtime/metaclass/ClosureMetaClass$3
instanceKlass org/codehaus/groovy/runtime/typehandling/NumberMath
instanceKlass org/codehaus/groovy/runtime/NumberAwareComparator
instanceKlass groovy/util/OrderBy
instanceKlass org/gradle/plugins/ide/internal/configurer/DeduplicationTarget
instanceKlass org/gradle/plugins/ide/internal/configurer/ModuleNameDeduper
instanceKlass org/gradle/plugins/ide/internal/configurer/ProjectDeduper
instanceKlass org/codehaus/groovy/runtime/callsite/BooleanReturningMethodInvoker
instanceKlass org/gradle/plugins/ide/idea/internal/IdeaNameDeduper
instanceKlass org/gradle/plugins/ide/idea/internal/IdeaScalaConfigurer
instanceKlass org/gradle/language/scala/plugins/ScalaLanguagePlugin
instanceKlass org/gradle/plugins/ide/idea/model/Dependency
instanceKlass org/gradle/language/scala/ScalaPlatform
instanceKlass org/gradle/api/internal/ConventionAwareHelper$1
instanceKlass org/gradle/api/XmlProvider
instanceKlass groovy/util/Node
instanceKlass org/gradle/plugins/ide/internal/generator/generator/PersistableConfigurationObjectGenerator
instanceKlass org/codehaus/groovy/runtime/metaclass/ClosureMetaClass$6
instanceKlass org/gradle/internal/xml/XmlTransformer
instanceKlass org/gradle/plugins/ide/internal/generator/generator/Generator
instanceKlass org/gradle/plugins/ide/internal/generator/generator/PersistableConfigurationObject
instanceKlass org/gradle/plugins/ide/internal/IdePlugin
instanceKlass org/jetbrains/plugins/gradle/model/ExternalTask
instanceKlass org/jetbrains/plugins/gradle/model/ExternalPlugin
instanceKlass org/jetbrains/plugins/gradle/model/ExternalSourceSet
instanceKlass org/jetbrains/plugins/gradle/model/DefaultExternalProject
instanceKlass org/jetbrains/plugins/gradle/model/ExternalProjectPreview
instanceKlass org/jetbrains/plugins/gradle/model/ExternalProject
instanceKlass org/jetbrains/plugins/gradle/tooling/builder/TasksFactory
instanceKlass sun/reflect/generics/tree/DoubleSignature
instanceKlass sun/reflect/generics/tree/LongSignature
instanceKlass java/util/concurrent/ForkJoinTask
instanceKlass java/util/function/IntBinaryOperator
instanceKlass java/util/function/ToIntBiFunction
instanceKlass java/util/function/LongBinaryOperator
instanceKlass java/util/function/ToLongBiFunction
instanceKlass java/util/function/DoubleBinaryOperator
instanceKlass java/util/function/ToDoubleBiFunction
instanceKlass org/jetbrains/plugins/gradle/tooling/builder/ExternalProjectBuilderImpl
instanceKlass org/jetbrains/plugins/gradle/tooling/internal/scala/ScalaCompileOptionsImpl
instanceKlass org/jetbrains/plugins/gradle/model/scala/ScalaCompileOptions
instanceKlass org/jetbrains/plugins/gradle/tooling/internal/scala/ScalaForkOptionsImpl
instanceKlass org/jetbrains/plugins/gradle/model/scala/ScalaForkOptions
instanceKlass org/jetbrains/plugins/gradle/model/scala/ScalaModel
instanceKlass org/jetbrains/plugins/gradle/tooling/builder/ScalaModelBuilderImpl
instanceKlass org/jetbrains/plugins/gradle/model/BuildScriptClasspathModel
instanceKlass org/jetbrains/plugins/gradle/model/ClasspathEntryModel
instanceKlass org/jetbrains/plugins/gradle/tooling/builder/ModelBuildScriptClasspathBuilderImpl
instanceKlass org/jetbrains/plugins/gradle/model/ModuleExtendedModel
instanceKlass org/jetbrains/plugins/gradle/model/ExtIdeaCompilerOutput
instanceKlass org/gradle/tooling/model/idea/IdeaSourceDirectory
instanceKlass org/gradle/tooling/model/SourceDirectory
instanceKlass org/jetbrains/plugins/gradle/tooling/builder/ModuleExtendedModelBuilderImpl
instanceKlass org/jetbrains/plugins/gradle/model/ExternalDependency
instanceKlass org/jetbrains/plugins/gradle/model/ear/EarConfiguration$EarModel
instanceKlass org/jetbrains/plugins/gradle/model/ear/EarConfiguration
instanceKlass org/jetbrains/plugins/gradle/tooling/builder/EarModelBuilderImpl
instanceKlass org/jetbrains/plugins/gradle/model/web/WebConfiguration$WarModel
instanceKlass org/jetbrains/plugins/gradle/model/web/WebConfiguration
instanceKlass org/jetbrains/plugins/gradle/tooling/builder/WarModelBuilderImpl
instanceKlass org/gradle/tooling/internal/consumer/versioning/ModelMapping$DefaultModelIdentifier
instanceKlass com/google/common/base/Objects
instanceKlass org/jetbrains/plugins/gradle/model/UnresolvedExternalDependency
instanceKlass org/jetbrains/plugins/gradle/model/FileCollectionDependency
instanceKlass org/jetbrains/plugins/gradle/model/ExternalLibraryDependency
instanceKlass org/jetbrains/plugins/gradle/model/ExternalProjectDependency
instanceKlass org/jetbrains/plugins/gradle/model/ExternalDependency
instanceKlass org/gradle/tooling/model/gradle/ProjectPublications
instanceKlass org/gradle/tooling/internal/protocol/InternalProjectOutcomes
instanceKlass org/gradle/tooling/model/internal/outcomes/ProjectOutcomes
instanceKlass org/gradle/tooling/internal/protocol/InternalBuildEnvironment
instanceKlass org/gradle/tooling/model/build/BuildEnvironment
instanceKlass org/gradle/tooling/internal/protocol/InternalBasicIdeaProject
instanceKlass org/gradle/tooling/model/idea/BasicIdeaProject
instanceKlass org/gradle/tooling/internal/protocol/InternalGradleProject
instanceKlass org/gradle/tooling/model/GradleProject
instanceKlass org/gradle/tooling/model/BuildableElement
instanceKlass org/gradle/tooling/internal/protocol/InternalIdeaProject
instanceKlass org/gradle/tooling/model/idea/IdeaProject
instanceKlass org/gradle/tooling/internal/protocol/eclipse/EclipseProjectVersion3
instanceKlass org/gradle/tooling/internal/protocol/ProjectVersion3
instanceKlass org/gradle/tooling/internal/protocol/BuildableProjectVersion1
instanceKlass org/gradle/tooling/model/eclipse/EclipseProject
instanceKlass org/gradle/tooling/internal/protocol/eclipse/HierarchicalEclipseProjectVersion1
instanceKlass org/gradle/tooling/internal/protocol/HierarchicalProjectVersion1
instanceKlass org/gradle/tooling/model/eclipse/HierarchicalEclipseProject
instanceKlass com/google/common/collect/AbstractMapEntry
instanceKlass com/google/common/collect/Hashing
instanceKlass com/google/common/collect/CollectPreconditions
instanceKlass com/google/common/collect/BiMap
instanceKlass org/gradle/tooling/internal/protocol/ModelIdentifier
instanceKlass org/gradle/tooling/internal/consumer/versioning/ModelMapping
instanceKlass org/gradle/tooling/model/ProjectIdentifier
instanceKlass org/gradle/tooling/internal/consumer/connection/BuildControllerAdapter
instanceKlass org/gradle/tooling/internal/protocol/BuildResult
instanceKlass org/gradle/tooling/internal/provider/runner/DefaultBuildController
instanceKlass com/android/dx/rop/code/RegisterSpec
instanceKlass com/android/dx/rop/type/TypeBearer
instanceKlass com/android/dx/util/ToHuman
instanceKlass com/android/dx/rop/type/Prototype
instanceKlass com/android/dx/cf/direct/ClassPathOpener$Consumer
instanceKlass com/android/dx/cf/direct/ClassPathOpener$FileNameFilter
instanceKlass com/android/dx/cf/direct/AttributeFactory
instanceKlass com/android/dx/command/dexer/Main
instanceKlass com/android/builder/internal/compiler/PreProcessCache$Key
instanceKlass com/android/builder/internal/compiler/PreProcessCache$BaseItem
instanceKlass com/android/builder/internal/compiler/PreProcessCache
instanceKlass com/android/ide/common/internal/ExecutorSingleton
instanceKlass com/google/protobuf/ByteString$CodedBuilder
instanceKlass com/google/protobuf/WireFormat
instanceKlass com/google/protobuf/CodedOutputStream
instanceKlass com/google/wireless/android/play/playlog/proto/ClientAnalytics$LogEventKeyValuesOrBuilder
instanceKlass com/google/wireless/android/play/playlog/proto/ClientAnalytics$NetworkConnectionInfo$NetworkType$1
instanceKlass com/google/wireless/android/play/playlog/proto/ClientAnalytics$LogEvent$InternalEvent$1
instanceKlass com/google/protobuf/LazyStringList
instanceKlass com/google/protobuf/ByteString$ByteIterator
instanceKlass com/google/protobuf/ByteString
instanceKlass com/google/protobuf/SmallSortedMap$EmptySet$2
instanceKlass com/google/protobuf/SmallSortedMap$EmptySet$1
instanceKlass com/google/protobuf/SmallSortedMap$EmptySet
instanceKlass com/google/protobuf/FieldSet
instanceKlass com/google/wireless/android/play/playlog/proto/ClientAnalytics$ExperimentIdsOrBuilder
instanceKlass com/google/wireless/android/play/playlog/proto/ClientAnalytics$AppUsage1pLogEventOrBuilder
instanceKlass com/google/wireless/android/play/playlog/proto/ClientAnalytics$ActiveExperimentsOrBuilder
instanceKlass com/google/wireless/android/play/playlog/proto/ClientAnalytics$NetworkConnectionInfoOrBuilder
instanceKlass com/google/wireless/android/play/playlog/proto/ClientAnalytics$LogEventOrBuilder
instanceKlass com/google/protobuf/GeneratedMessage$ExtendableMessageOrBuilder
instanceKlass com/google/wireless/android/sdk/stats/AndroidStudioStats$JvmDetails$GarbageCollector$1
instanceKlass com/google/wireless/android/sdk/stats/AndroidStudioStats$UIActionStats$InvocationKind$1
instanceKlass com/google/wireless/android/sdk/stats/AndroidStudioStats$Hypervisor$HyperVState$1
instanceKlass com/google/wireless/android/sdk/stats/AndroidStudioStats$EmulatorUiEvent$EmulatorUiEventContext$1
instanceKlass com/google/wireless/android/sdk/stats/AndroidStudioStats$EmulatorUiEvent$EmulatorUiEventType$1
instanceKlass com/google/wireless/android/sdk/stats/AndroidStudioStats$TestRun$TestKind$1
instanceKlass com/google/wireless/android/sdk/stats/AndroidStudioStats$TestRun$TestInvocationType$1
instanceKlass com/google/wireless/android/sdk/stats/AndroidStudioStats$TestLibrariesOrBuilder
instanceKlass com/google/wireless/android/sdk/stats/AndroidStudioStats$EmulatorDetails$EmulatorSessionPhase$1
instanceKlass com/google/wireless/android/sdk/stats/AndroidStudioStats$EmulatorDetails$EmulatorAdbLiveness$1
instanceKlass com/google/wireless/android/sdk/stats/AndroidStudioStats$EmulatorDetails$GuestCpuArchitecture$1
instanceKlass com/google/wireless/android/sdk/stats/AndroidStudioStats$EmulatorGuestGlInfoOrBuilder
instanceKlass com/google/wireless/android/sdk/stats/AndroidStudioStats$InstantRun$InstantRunIdeBuildCause$1
instanceKlass com/google/wireless/android/sdk/stats/AndroidStudioStats$InstantRun$InstantRunBuildCause$1
instanceKlass com/google/wireless/android/sdk/stats/AndroidStudioStats$InstantRun$InstantRunDeploymentKind$1
instanceKlass com/google/wireless/android/sdk/stats/AndroidStudioStats$AndroidStudioEvent$TemplateRenderer$1
instanceKlass com/google/wireless/android/sdk/stats/AndroidStudioStats$AndroidStudioEvent$GradleSyncFailure$1
instanceKlass com/google/wireless/android/sdk/stats/AndroidStudioStats$AndroidStudioEvent$DeveloperServiceKind$1
instanceKlass com/google/wireless/android/sdk/stats/AndroidStudioStats$DeviceInfo$DeviceType$1
instanceKlass com/google/wireless/android/sdk/stats/AndroidStudioStats$DeviceInfo$ApplicationBinaryInterface$1
instanceKlass com/google/wireless/android/sdk/stats/AndroidStudioStats$AndroidStudioEvent$DebuggerType$1
instanceKlass com/google/wireless/android/sdk/stats/AndroidStudioStats$AndroidStudioEvent$RunConfigurationType$1
instanceKlass com/google/wireless/android/sdk/stats/AndroidStudioStats$AndroidStudioEvent$ProfilerCaptureType$1
instanceKlass com/google/wireless/android/sdk/stats/AndroidStudioStats$AndroidStudioEvent$MonitorType$1
instanceKlass com/google/wireless/android/sdk/stats/AndroidStudioStats$ProductDetails$SoftwareLifeCycleChannel$1
instanceKlass com/google/wireless/android/sdk/stats/AndroidStudioStats$ProductDetails$CpuArchitecture$1
instanceKlass com/google/wireless/android/sdk/stats/AndroidStudioStats$ProductDetails$ProductKind$1
instanceKlass com/google/wireless/android/sdk/stats/AndroidStudioStats$AndroidStudioEvent$EventKind$1
instanceKlass com/google/wireless/android/sdk/stats/AndroidStudioStats$AndroidStudioEvent$EventCategory$1
instanceKlass com/google/wireless/android/sdk/stats/AndroidStudioStats$JavaProcessStatsOrBuilder
instanceKlass com/google/wireless/android/sdk/stats/AndroidStudioStats$JvmDetailsOrBuilder
instanceKlass com/google/wireless/android/sdk/stats/AndroidStudioStats$MachineDetailsOrBuilder
instanceKlass com/google/wireless/android/sdk/stats/AndroidStudioStats$UIActionStatsOrBuilder
instanceKlass com/google/wireless/android/sdk/stats/AndroidStudioStats$TestRecorderDetailsOrBuilder
instanceKlass com/google/wireless/android/sdk/stats/AndroidStudioStats$GfxTracingDetailsOrBuilder
instanceKlass com/google/wireless/android/sdk/stats/AndroidStudioStats$FirebaseErrorDetailsOrBuilder
instanceKlass com/google/wireless/android/sdk/stats/AndroidStudioStats$LLDBFrontendDetailsOrBuilder
instanceKlass com/google/wireless/android/sdk/stats/AndroidStudioStats$EmulatorHostOrBuilder
instanceKlass com/google/wireless/android/sdk/stats/AndroidStudioStats$HypervisorOrBuilder
instanceKlass com/google/wireless/android/sdk/stats/AndroidStudioStats$EmulatorUiEventOrBuilder
instanceKlass com/google/wireless/android/sdk/stats/AndroidStudioStats$TestRunOrBuilder
instanceKlass com/google/wireless/android/sdk/stats/AndroidStudioStats$EmulatorDetailsOrBuilder
instanceKlass com/google/wireless/android/sdk/stats/AndroidStudioStats$MetaMetricsOrBuilder
instanceKlass com/google/wireless/android/sdk/stats/AndroidStudioStats$InstantRunOrBuilder
instanceKlass com/google/wireless/android/sdk/stats/AndroidStudioStats$GradleBuildDetailsOrBuilder
instanceKlass com/google/wireless/android/sdk/stats/AndroidStudioStats$StudioCrashOrBuilder
instanceKlass com/google/wireless/android/sdk/stats/AndroidStudioStats$DeviceInfoOrBuilder
instanceKlass com/google/wireless/android/sdk/stats/AndroidStudioStats$ProductDetailsOrBuilder
instanceKlass com/google/wireless/android/sdk/stats/AndroidStudioStats$AndroidStudioEventOrBuilder
instanceKlass com/google/common/cache/LocalCache$WriteThroughEntry
instanceKlass com/google/common/cache/LocalCache$HashIterator
instanceKlass org/gradle/internal/logging/text/AbstractStyledTextOutput$StyleOverrideTextOutput
instanceKlass org/gradle/internal/logging/events/StyledTextOutputEvent$Span
instanceKlass org/gradle/api/internal/artifacts/ivyservice/resolveengine/excludes/ModuleExcludeRuleFilters$1
instanceKlass com/android/build/gradle/internal/tasks/GenerateApkDataTask$ConfigAction$4
instanceKlass com/android/build/gradle/internal/tasks/GenerateApkDataTask$ConfigAction$3
instanceKlass com/android/build/gradle/internal/tasks/GenerateApkDataTask$ConfigAction$2
instanceKlass com/android/build/gradle/internal/tasks/GenerateApkDataTask$ConfigAction$1
instanceKlass com/android/build/gradle/internal/tasks/GenerateApkDataTask$ConfigAction
instanceKlass org/gradle/api/internal/artifacts/ivyservice/resolveengine/projectresult/DefaultResolvedProjectConfiguration
instanceKlass org/gradle/api/internal/artifacts/ivyservice/resolveengine/projectresult/ResolvedProjectConfiguration
instanceKlass org/gradle/internal/component/local/model/PublishArtifactLocalArtifactMetaData
instanceKlass org/gradle/internal/component/local/model/LocalComponentArtifactIdentifier
instanceKlass org/gradle/api/artifacts/cache/ArtifactResolutionControl
instanceKlass org/gradle/api/internal/artifacts/DefaultArtifactIdentifier
instanceKlass org/gradle/internal/resource/cached/DefaultCachedArtifact
instanceKlass org/gradle/internal/resource/cached/ivy/AbstractCachedIndex$1
instanceKlass org/gradle/internal/resource/cached/ivy/ArtifactAtRepositoryKey
instanceKlass org/gradle/api/internal/artifacts/ivyservice/ivyresolve/CachingModuleComponentRepository$CachingModuleSource
instanceKlass org/gradle/api/internal/artifacts/ivyservice/resolutionstrategy/DefaultCachePolicy$AbstractResolutionControl
instanceKlass org/gradle/api/artifacts/cache/ModuleResolutionControl
instanceKlass org/gradle/api/artifacts/cache/ResolutionControl
instanceKlass org/gradle/api/internal/artifacts/ivyservice/modulecache/DefaultCachedMetaData
instanceKlass org/gradle/api/internal/artifacts/ivyservice/ivyresolve/parser/IvyXmlModuleDescriptorParser$2
instanceKlass org/apache/xerces/parsers/AbstractSAXParser$LocatorProxy
instanceKlass org/apache/xerces/util/ErrorHandlerWrapper
instanceKlass org/apache/xerces/parsers/AbstractSAXParser$AttributesProxy
instanceKlass org/xml/sax/DocumentHandler
instanceKlass org/apache/xerces/xs/PSVIProvider
instanceKlass org/gradle/api/internal/artifacts/ivyservice/ivyresolve/parser/IvyXmlModuleDescriptorParser$ParserHelper
instanceKlass org/gradle/api/internal/artifacts/ivyservice/ivyresolve/parser/IvyXmlModuleDescriptorParser$Parser$1
instanceKlass org/gradle/internal/component/external/model/IvyModuleResolveMetaData
instanceKlass org/gradle/api/internal/artifacts/ivyservice/ivyresolve/parser/IvyXmlModuleDescriptorParser$1
instanceKlass org/gradle/api/internal/artifacts/ivyservice/modulecache/CachedModuleDescriptorParseContext
instanceKlass org/gradle/cache/internal/btree/BTreePersistentIndexedCache$Lookup
instanceKlass org/gradle/cache/internal/btree/BTreePersistentIndexedCache$IndexEntry
instanceKlass org/gradle/cache/internal/DefaultMultiProcessSafePersistentIndexedCache$1
instanceKlass org/gradle/cache/internal/btree/BTreePersistentIndexedCache$IndexRoot
instanceKlass org/gradle/cache/internal/btree/BlockPointer
instanceKlass org/gradle/cache/internal/btree/FreeListBlockStore$2
instanceKlass org/gradle/cache/internal/btree/FreeListBlockStore$1
instanceKlass org/gradle/cache/internal/btree/BTreePersistentIndexedCache$2
instanceKlass org/gradle/cache/internal/btree/BTreePersistentIndexedCache$1
instanceKlass org/gradle/cache/internal/btree/FreeListBlockStore
instanceKlass org/gradle/cache/internal/btree/StateCheckBlockStore
instanceKlass org/apache/commons/collections/OrderedMapIterator
instanceKlass org/apache/commons/collections/OrderedIterator
instanceKlass org/apache/commons/collections/OrderedMap
instanceKlass org/apache/commons/collections/BoundedMap
instanceKlass org/gradle/cache/internal/btree/Block
instanceKlass org/gradle/cache/internal/btree/FileBackedBlockStore
instanceKlass org/gradle/cache/internal/btree/CachingBlockStore
instanceKlass org/gradle/cache/internal/btree/BlockStore
instanceKlass org/gradle/cache/internal/btree/BlockPayload
instanceKlass org/gradle/cache/internal/btree/BlockStore$Factory
instanceKlass org/gradle/cache/internal/btree/BTreePersistentIndexedCache
instanceKlass org/gradle/cache/internal/DefaultMultiProcessSafePersistentIndexedCache$5
instanceKlass org/gradle/api/internal/artifacts/ivyservice/modulecache/DefaultModuleMetaDataCache$RevisionKey
instanceKlass org/gradle/api/internal/artifacts/ivyservice/modulecache/ModuleDescriptorCacheEntry
instanceKlass org/gradle/api/internal/artifacts/ivyservice/modulecache/ModuleDescriptorCacheEntrySerializer
instanceKlass org/gradle/api/internal/artifacts/ivyservice/modulecache/DefaultModuleMetaDataCache$RevisionKeySerializer
instanceKlass org/gradle/internal/component/local/model/DefaultProjectComponentSelector
instanceKlass org/gradle/model/internal/core/NodeBackedModelMap$9
instanceKlass org/gradle/model/internal/core/DefaultModelViewState$1
instanceKlass org/gradle/model/internal/core/DeferredModelAction
instanceKlass org/gradle/model/internal/core/DefaultModelViewState
instanceKlass org/gradle/model/internal/core/NodeBackedModelMap$2
instanceKlass org/gradle/model/internal/manage/schema/extract/FactoryBasedStructNodeInitializerExtractionStrategy
instanceKlass org/gradle/api/artifacts/component/LibraryBinaryIdentifier
instanceKlass org/gradle/platform/base/internal/BinaryBuildAbility
instanceKlass org/gradle/model/internal/typeregistration/BaseInstanceFactory$InternalViewRegistration
instanceKlass org/gradle/model/internal/typeregistration/BaseInstanceFactory$ImplementationRegistration
instanceKlass org/gradle/platform/base/component/internal/DefaultComponentSpec$ComponentInfo
